<?xml version="1.0" encoding="UTF-8"?>
<!-- Generated by org.testng.reporters.JUnitXMLReporter -->
<testsuite ignored="7" hostname="CBPC-09" failures="0" tests="10" name="Default test" time="0.297" errors="0" timestamp="2024-03-04T18:05:28 IST">
  <testcase classname="com.evs.vtiger.testScript.BaseClass" name="@BeforeClass beforeClass" time="-1.709555728627E9">
    <failure type="org.testng.TestNGException" message="
Parameter &amp;apos;browser&amp;apos; is required by BeforeClass on method beforeClass but has not been marked @Optional or defined
in C:\Users\CBPC-09\AppData\Local\Temp\testng-eclipse-1785412801\testng-customsuite.xml">
      <![CDATA[org.testng.TestNGException: 
Parameter 'browser' is required by BeforeClass on method beforeClass but has not been marked @Optional or defined
in C:\Users\CBPC-09\AppData\Local\Temp\testng-eclipse-1785412801\testng-customsuite.xml
at org.testng.internal.Parameters.createParams(Parameters.java:270)
at org.testng.internal.Parameters.createParametersForMethod(Parameters.java:358)
at org.testng.internal.Parameters.createParameters(Parameters.java:700)
at org.testng.internal.Parameters.createConfigurationParameters(Parameters.java:168)
at org.testng.internal.ConfigInvoker.invokeConfigurations(ConfigInvoker.java:302)
at org.testng.internal.TestMethodWorker.invokeBeforeClassMethods(TestMethodWorker.java:176)
at org.testng.internal.TestMethodWorker.run(TestMethodWorker.java:122)
at java.base/java.util.ArrayList.forEach(ArrayList.java:1596)
at org.testng.TestRunner.privateRun(TestRunner.java:794)
at org.testng.TestRunner.run(TestRunner.java:596)
at org.testng.SuiteRunner.runTest(SuiteRunner.java:377)
at org.testng.SuiteRunner.runSequentially(SuiteRunner.java:371)
at org.testng.SuiteRunner.privateRun(SuiteRunner.java:332)
at org.testng.SuiteRunner.run(SuiteRunner.java:276)
at org.testng.SuiteRunnerWorker.runSuite(SuiteRunnerWorker.java:53)
at org.testng.SuiteRunnerWorker.run(SuiteRunnerWorker.java:96)
at org.testng.TestNG.runSuitesSequentially(TestNG.java:1212)
at org.testng.TestNG.runSuitesLocally(TestNG.java:1134)
at org.testng.TestNG.runSuites(TestNG.java:1063)
at org.testng.TestNG.run(TestNG.java:1031)
at org.testng.remote.AbstractRemoteTestNG.run(AbstractRemoteTestNG.java:115)
at org.testng.remote.RemoteTestNG.initAndRun(RemoteTestNG.java:251)
at org.testng.remote.RemoteTestNG.main(RemoteTestNG.java:77)
]]>
    </failure>
  </testcase> <!-- @BeforeClass beforeClass -->
  <testcase classname="com.evs.vtiger.testScript.BaseClass" name="@BeforeMethod beforemethod" time="-1.709555728659E9">
    <skipped/>
  </testcase> <!-- @BeforeMethod beforemethod -->
  <testcase classname="com.evs.vtiger.testScript.BaseClass" name="@AfterMethod aftermethod" time="-1.709555728678E9">
    <skipped/>
  </testcase> <!-- @AfterMethod aftermethod -->
  <testcase classname="com.evs.vtiger.testScript.BaseClass" name="@BeforeMethod beforemethod" time="-1.70955572868E9">
    <skipped/>
  </testcase> <!-- @BeforeMethod beforemethod -->
  <testcase classname="com.evs.vtiger.testScript.BaseClass" name="@AfterMethod aftermethod" time="-1.709555728715E9">
    <skipped/>
  </testcase> <!-- @AfterMethod aftermethod -->
  <testcase classname="com.evs.vtiger.testScript.BaseClass" name="@BeforeMethod beforemethod" time="-1.709555728722E9">
    <skipped/>
  </testcase> <!-- @BeforeMethod beforemethod -->
  <testcase classname="com.evs.vtiger.testScript.BaseClass" name="@AfterMethod aftermethod" time="-1.709555728739E9">
    <skipped/>
  </testcase> <!-- @AfterMethod aftermethod -->
  <testcase classname="com.evs.vtiger.testScript.BaseClass" name="@BeforeMethod beforemethod" time="-1.709555728742E9">
    <skipped/>
  </testcase> <!-- @BeforeMethod beforemethod -->
  <testcase classname="com.evs.vtiger.testScript.BaseClass" name="@AfterMethod aftermethod" time="-1.709555728753E9">
    <skipped/>
  </testcase> <!-- @AfterMethod aftermethod -->
  <testcase classname="com.evs.vtiger.testScript.BaseClass" name="@BeforeMethod beforemethod" time="-1.70955572876E9">
    <skipped/>
  </testcase> <!-- @BeforeMethod beforemethod -->
  <testcase classname="com.evs.vtiger.testScript.BaseClass" name="@AfterMethod aftermethod" time="-1.709555728786E9">
    <skipped/>
  </testcase> <!-- @AfterMethod aftermethod -->
  <testcase classname="com.evs.vtiger.testScript.BaseClass" name="@BeforeMethod beforemethod" time="-1.709555728788E9">
    <skipped/>
  </testcase> <!-- @BeforeMethod beforemethod -->
  <testcase classname="com.evs.vtiger.testScript.BaseClass" name="@AfterMethod aftermethod" time="-1.7095557288E9">
    <skipped/>
  </testcase> <!-- @AfterMethod aftermethod -->
  <testcase classname="com.evs.vtiger.testScript.BaseClass" name="@BeforeMethod beforemethod" time="-1.709555728805E9">
    <skipped/>
  </testcase> <!-- @BeforeMethod beforemethod -->
  <testcase classname="com.evs.vtiger.testScript.BaseClass" name="@AfterMethod aftermethod" time="-1.70955572882E9">
    <skipped/>
  </testcase> <!-- @AfterMethod aftermethod -->
  <testcase classname="com.evs.vtiger.testScript.BaseClass" name="@BeforeMethod beforemethod" time="-1.709555728825E9">
    <skipped/>
  </testcase> <!-- @BeforeMethod beforemethod -->
  <testcase classname="com.evs.vtiger.testScript.BaseClass" name="@AfterMethod aftermethod" time="-1.709555728841E9">
    <skipped/>
  </testcase> <!-- @AfterMethod aftermethod -->
  <testcase classname="com.evs.vtiger.testScript.BaseClass" name="@BeforeMethod beforemethod" time="-1.709555728845E9">
    <skipped/>
  </testcase> <!-- @BeforeMethod beforemethod -->
  <testcase classname="com.evs.vtiger.testScript.BaseClass" name="@AfterMethod aftermethod" time="-1.709555728859E9">
    <skipped/>
  </testcase> <!-- @AfterMethod aftermethod -->
  <testcase classname="com.evs.vtiger.testScript.BaseClass" name="@BeforeMethod beforemethod" time="-1.709555728866E9">
    <skipped/>
  </testcase> <!-- @BeforeMethod beforemethod -->
  <testcase classname="com.evs.vtiger.testScript.BaseClass" name="@AfterMethod aftermethod" time="-1.709555728883E9">
    <skipped/>
  </testcase> <!-- @AfterMethod aftermethod -->
  <testcase classname="com.evs.vtiger.testScript.BaseClass" name="@AfterClass afterclass" time="-1.70955572889E9">
    <skipped/>
  </testcase> <!-- @AfterClass afterclass -->
  <testcase classname="com.evs.vtiger.testScript.LMSCommon" name="lm001employee" time="0.0">
    <skipped/>
  </testcase> <!-- lm001employee -->
  <testcase classname="com.evs.vtiger.testScript.LMSCommon" name="lm001employee" time="0.0">
    <skipped/>
  </testcase> <!-- lm001employee -->
  <testcase classname="com.evs.vtiger.testScript.LMSCommon" name="lm001employee" time="0.0">
    <skipped/>
  </testcase> <!-- lm001employee -->
  <testcase classname="com.evs.vtiger.testScript.LMSCommon" name="lm001employee" time="0.0">
    <skipped/>
  </testcase> <!-- lm001employee -->
  <testcase classname="com.evs.vtiger.testScript.LMSCommon" name="lm001employee" time="0.0">
    <skipped/>
  </testcase> <!-- lm001employee -->
  <testcase classname="com.evs.vtiger.testScript.LMSCommon" name="lm001employee" time="0.0">
    <skipped/>
  </testcase> <!-- lm001employee -->
  <testcase classname="com.evs.vtiger.testScript.LMSCommon" name="lm001employee" time="0.0">
    <skipped/>
  </testcase> <!-- lm001employee -->
  <testcase classname="com.evs.vtiger.testScript.LMSCommon" name="lm001employee" time="0.0">
    <skipped/>
  </testcase> <!-- lm001employee -->
  <testcase classname="com.evs.vtiger.testScript.LMSCommon" name="lm001employee" time="0.0">
    <skipped/>
  </testcase> <!-- lm001employee -->
  <testcase classname="com.evs.vtiger.testScript.LMSCommon" name="lm001employee" time="0.0">
    <skipped/>
  </testcase> <!-- lm001employee -->
  <testcase classname="com.evs.vtiger.testScript.LMSCommon" name="courseCreation" time="0.0">
    <ignored/>
  </testcase> <!-- courseCreation -->
  <testcase classname="com.evs.vtiger.testScript.LMSCommon" name="CourseMangement" time="0.0">
    <ignored/>
  </testcase> <!-- CourseMangement -->
  <testcase classname="com.evs.vtiger.testScript.LMSCommon" name="uploadprofile" time="0.0">
    <ignored/>
  </testcase> <!-- uploadprofile -->
  <testcase classname="com.evs.vtiger.testScript.LMSCommon" name="Universaldelete" time="0.0">
    <ignored/>
  </testcase> <!-- Universaldelete -->
  <testcase classname="com.evs.vtiger.testScript.LMSCommon" name="uploadfile" time="0.0">
    <ignored/>
  </testcase> <!-- uploadfile -->
  <testcase classname="com.evs.vtiger.testScript.LMSCommon" name="uploadlogo" time="0.0">
    <ignored/>
  </testcase> <!-- uploadlogo -->
  <testcase classname="com.evs.vtiger.testScript.LMSCommon" name="createAdmin" time="0.0">
    <ignored/>
  </testcase> <!-- createAdmin -->
</testsuite> <!-- Default test -->
