<?xml version="1.0" encoding="UTF-8"?>
<!-- Generated by org.testng.reporters.JUnitXMLReporter -->
<testsuite ignored="7" hostname="CBPC-09" failures="0" tests="10" name="Test" time="107.157" errors="0" timestamp="2024-03-04T18:07:30 IST">
  <testcase classname="com.evs.vtiger.testScript.LMSCommon" name="lm001employee" time="4.642"/>
  <testcase classname="com.evs.vtiger.testScript.LMSCommon" name="lm001employee" time="5.528"/>
  <testcase classname="com.evs.vtiger.testScript.LMSCommon" name="lm001employee" time="3.901"/>
  <testcase classname="com.evs.vtiger.testScript.LMSCommon" name="lm001employee" time="5.138"/>
  <testcase classname="com.evs.vtiger.testScript.LMSCommon" name="lm001employee" time="5.192"/>
  <testcase classname="com.evs.vtiger.testScript.LMSCommon" name="lm001employee" time="3.648"/>
  <testcase classname="com.evs.vtiger.testScript.LMSCommon" name="lm001employee" time="3.704"/>
  <testcase classname="com.evs.vtiger.testScript.LMSCommon" name="lm001employee" time="5.204"/>
  <testcase classname="com.evs.vtiger.testScript.LMSCommon" name="lm001employee" time="3.799"/>
  <testcase classname="com.evs.vtiger.testScript.LMSCommon" name="lm001employee" time="5.164"/>
  <testcase classname="com.evs.vtiger.testScript.LMSCommon" name="courseCreation" time="0.0">
    <ignored/>
  </testcase> <!-- courseCreation -->
  <testcase classname="com.evs.vtiger.testScript.LMSCommon" name="CourseMangement" time="0.0">
    <ignored/>
  </testcase> <!-- CourseMangement -->
  <testcase classname="com.evs.vtiger.testScript.LMSCommon" name="uploadprofile" time="0.0">
    <ignored/>
  </testcase> <!-- uploadprofile -->
  <testcase classname="com.evs.vtiger.testScript.LMSCommon" name="Universaldelete" time="0.0">
    <ignored/>
  </testcase> <!-- Universaldelete -->
  <testcase classname="com.evs.vtiger.testScript.LMSCommon" name="uploadfile" time="0.0">
    <ignored/>
  </testcase> <!-- uploadfile -->
  <testcase classname="com.evs.vtiger.testScript.LMSCommon" name="uploadlogo" time="0.0">
    <ignored/>
  </testcase> <!-- uploadlogo -->
  <testcase classname="com.evs.vtiger.testScript.LMSCommon" name="createAdmin" time="0.0">
    <ignored/>
  </testcase> <!-- createAdmin -->
</testsuite> <!-- Test -->
