<?xml version="1.0" encoding="UTF-8"?>
<testng-results ignored="0" total="4" passed="4" failed="0" skipped="0">
  <reporter-output>
  </reporter-output>
  <suite started-at="2024-03-20T20:01:11 IST" name="Default suite" finished-at="2024-03-20T20:03:02 IST" duration-ms="110672">
    <groups>
    </groups>
    <test started-at="2024-03-20T20:01:11 IST" name="Default test" finished-at="2024-03-20T20:03:02 IST" duration-ms="110672">
      <class name="responsiveTesting.AutomateResponsive">
        <test-method signature="responsiveTesting(java.lang.String)[pri:0, instance:responsiveTesting.AutomateResponsive@82de64a]" started-at="2024-03-20T20:01:11 IST" name="responsiveTesting" data-provider="mobileEmulations" finished-at="2024-03-20T20:01:40 IST" duration-ms="28429" status="PASS">
          <params>
            <param index="0">
              <value>
                <![CDATA[iPad Pro]]>
              </value>
            </param>
          </params>
          <reporter-output>
          </reporter-output>
        </test-method> <!-- responsiveTesting -->
        <test-method signature="responsiveTesting(java.lang.String)[pri:0, instance:responsiveTesting.AutomateResponsive@82de64a]" started-at="2024-03-20T20:01:40 IST" name="responsiveTesting" data-provider="mobileEmulations" finished-at="2024-03-20T20:02:01 IST" duration-ms="21122" status="PASS">
          <params>
            <param index="0">
              <value>
                <![CDATA[Nexus 5]]>
              </value>
            </param>
          </params>
          <reporter-output>
          </reporter-output>
        </test-method> <!-- responsiveTesting -->
        <test-method signature="responsiveTesting(java.lang.String)[pri:0, instance:responsiveTesting.AutomateResponsive@82de64a]" started-at="2024-03-20T20:02:01 IST" name="responsiveTesting" data-provider="mobileEmulations" finished-at="2024-03-20T20:02:25 IST" duration-ms="23724" status="PASS">
          <params>
            <param index="0">
              <value>
                <![CDATA[iPhone X]]>
              </value>
            </param>
          </params>
          <reporter-output>
          </reporter-output>
        </test-method> <!-- responsiveTesting -->
        <test-method signature="responsiveTesting(java.lang.String)[pri:0, instance:responsiveTesting.AutomateResponsive@82de64a]" started-at="2024-03-20T20:02:25 IST" name="responsiveTesting" data-provider="mobileEmulations" finished-at="2024-03-20T20:03:02 IST" duration-ms="37296" status="PASS">
          <params>
            <param index="0">
              <value>
                <![CDATA[Pixel 2]]>
              </value>
            </param>
          </params>
          <reporter-output>
          </reporter-output>
        </test-method> <!-- responsiveTesting -->
      </class> <!-- responsiveTesting.AutomateResponsive -->
    </test> <!-- Default test -->
  </suite> <!-- Default suite -->
</testng-results>
